<?xml version="1.0" encoding="UTF-8"?>
<testng-results skipped="0" failed="1" total="1" passed="0">
  <reporter-output>
  </reporter-output>
  <suite name="Default suite" duration-ms="24658" started-at="2021-04-01T20:44:07Z" finished-at="2021-04-01T20:44:32Z">
    <groups>
    </groups>
    <test name="Default test" duration-ms="24658" started-at="2021-04-01T20:44:07Z" finished-at="2021-04-01T20:44:32Z">
      <class name="testcases.flights">
        <test-method status="PASS" signature="setUp()[pri:0, instance:testcases.flights@17c68925]" name="setUp" is-config="true" duration-ms="20419" started-at="2021-04-01T16:44:07Z" finished-at="2021-04-01T16:44:28Z">
          <reporter-output>
          </reporter-output>
        </test-method> <!-- setUp -->
        <test-method status="FAIL" signature="flightsSearch()[pri:0, instance:testcases.flights@17c68925]" name="flightsSearch" duration-ms="1366" started-at="2021-04-01T16:44:28Z" finished-at="2021-04-01T16:44:29Z">
          <exception class="java.lang.NullPointerException">
            <full-stacktrace>
              <![CDATA[java.lang.NullPointerException
	at base.Page.click(Page.java:98)
	at pages.action.HomePage.gotoFlights(HomePage.java:24)
	at testcases.flights.flightsSearch(flights.java:27)
	at sun.reflect.NativeMethodAccessorImpl.invoke0(Native Method)
	at sun.reflect.NativeMethodAccessorImpl.invoke(NativeMethodAccessorImpl.java:62)
	at sun.reflect.DelegatingMethodAccessorImpl.invoke(DelegatingMethodAccessorImpl.java:43)
	at java.lang.reflect.Method.invoke(Method.java:498)
	at org.testng.internal.MethodInvocationHelper.invokeMethod(MethodInvocationHelper.java:86)
	at org.testng.internal.Invoker.invokeMethod(Invoker.java:645)
	at org.testng.internal.Invoker.invokeTestMethod(Invoker.java:822)
	at org.testng.internal.Invoker.invokeTestMethods(Invoker.java:1130)
	at org.testng.internal.TestMethodWorker.invokeTestMethods(TestMethodWorker.java:129)
	at org.testng.internal.TestMethodWorker.run(TestMethodWorker.java:112)
	at org.testng.TestRunner.privateRun(TestRunner.java:782)
	at org.testng.TestRunner.run(TestRunner.java:632)
	at org.testng.SuiteRunner.runTest(SuiteRunner.java:366)
	at org.testng.SuiteRunner.runSequentially(SuiteRunner.java:361)
	at org.testng.SuiteRunner.privateRun(SuiteRunner.java:319)
	at org.testng.SuiteRunner.run(SuiteRunner.java:268)
	at org.testng.SuiteRunnerWorker.runSuite(SuiteRunnerWorker.java:52)
	at org.testng.SuiteRunnerWorker.run(SuiteRunnerWorker.java:86)
	at org.testng.TestNG.runSuitesSequentially(TestNG.java:1244)
	at org.testng.TestNG.runSuitesLocally(TestNG.java:1169)
	at org.testng.TestNG.run(TestNG.java:1064)
	at org.testng.remote.RemoteTestNG.run(RemoteTestNG.java:113)
	at org.testng.remote.RemoteTestNG.initAndRun(RemoteTestNG.java:206)
	at org.testng.remote.RemoteTestNG.main(RemoteTestNG.java:177)
]]>
            </full-stacktrace>
          </exception> <!-- java.lang.NullPointerException -->
          <reporter-output>
          </reporter-output>
        </test-method> <!-- flightsSearch -->
        <test-method status="PASS" signature="tearDown()[pri:0, instance:testcases.flights@17c68925]" name="tearDown" is-config="true" duration-ms="2826" started-at="2021-04-01T16:44:29Z" finished-at="2021-04-01T16:44:32Z">
          <reporter-output>
          </reporter-output>
        </test-method> <!-- tearDown -->
      </class> <!-- testcases.flights -->
    </test> <!-- Default test -->
  </suite> <!-- Default suite -->
</testng-results>
